-------------------------------------------------------------------------------
Test set: com.example.demo.MappingApplicationTests
-------------------------------------------------------------------------------
Tests run: 1, Failures: 0, Errors: 1, Skipped: 0, Time elapsed: 5.535 s <<< FAILURE! - in com.example.demo.MappingApplicationTests
contextLoads  Time elapsed: 0.007 s  <<< ERROR!
java.lang.IllegalStateException: Failed to load ApplicationContext for [WebMergedContextConfiguration@6d5fea64 testClass = com.example.demo.MappingApplicationTests, locations = [], classes = [com.example.demo.MappingApplication], contextInitializerClasses = [], activeProfiles = [], propertySourceLocations = [], propertySourceProperties = ["org.springframework.boot.test.context.SpringBootTestContextBootstrapper=true"], contextCustomizers = [org.springframework.boot.test.context.filter.ExcludeFilterContextCustomizer@20f5281c, org.springframework.boot.test.json.DuplicateJsonObjectContextCustomizerFactory$DuplicateJsonObjectContextCustomizer@4397ad89, org.springframework.boot.test.mock.mockito.MockitoContextCustomizer@0, org.springframework.boot.test.web.client.TestRestTemplateContextCustomizer@2d778add, org.springframework.boot.test.autoconfigure.actuate.observability.ObservabilityContextCustomizerFactory$DisableObservabilityContextCustomizer@9da1, org.springframework.boot.test.autoconfigure.properties.PropertyMappingContextCustomizer@0, org.springframework.boot.test.autoconfigure.web.servlet.WebDriverContextCustomizerFactory$Customizer@36cda2c2, org.springframework.boot.test.context.SpringBootTestAnnotation@29083bb5], resourceBasePath = "src/main/webapp", contextLoader = org.springframework.boot.test.context.SpringBootContextLoader, parent = null]
Caused by: org.springframework.beans.factory.BeanCreationException: Error creating bean with name 'requestMappingHandlerMapping' defined in class path resource [org/springframework/boot/autoconfigure/web/servlet/WebMvcAutoConfiguration$EnableWebMvcConfiguration.class]: Failed to introspect Class [org.springdoc.webmvc.api.OpenApiWebMvcResource] from ClassLoader [jdk.internal.loader.ClassLoaders$AppClassLoader@6d5380c2]
Caused by: java.lang.IllegalStateException: Failed to introspect Class [org.springdoc.webmvc.api.OpenApiWebMvcResource] from ClassLoader [jdk.internal.loader.ClassLoaders$AppClassLoader@6d5380c2]
Caused by: java.lang.NoClassDefFoundError: javax/servlet/http/HttpServletRequest
Caused by: java.lang.ClassNotFoundException: javax.servlet.http.HttpServletRequest

